<?xml version="1.0" encoding="UTF-8"?>
<testsuite name="extensionExp" tests="4" skipped="3" failures="0" errors="0" timestamp="2019-06-20T04:22:09" hostname="admin-PC" time="0.147">
  <properties/>
  <testcase name="feature 1" classname="extensionExp" time="0.0">
    <skipped/>
  </testcase>
  <testcase name="feature 2" classname="extensionExp" time="0.0">
    <skipped/>
  </testcase>
  <testcase name="feature " classname="extensionExp" time="0.0">
    <skipped/>
  </testcase>
  <testcase name="feature 4" classname="extensionExp" time="0.145"/>
  <system-out><![CDATA[We are in feature method 4
]]></system-out>
  <system-err><![CDATA[]]></system-err>
</testsuite>
