<?xml version="1.0" encoding="UTF-8"?>
<testsuite name="FeatureMthd" tests="1" skipped="0" failures="0" errors="0" timestamp="2019-06-20T04:22:10" hostname="admin-PC" time="0.132">
  <properties/>
  <testcase name="add two number" classname="FeatureMthd" time="0.132"/>
  <system-out><![CDATA[1609427051
]]></system-out>
  <system-err><![CDATA[]]></system-err>
</testsuite>
