<?xml version="1.0" encoding="UTF-8"?>
<testsuite name="SampleTest1" tests="1" skipped="0" failures="0" errors="0" timestamp="2019-06-20T04:22:12" hostname="admin-PC" time="0.009">
  <properties/>
  <testcase name="this is my business need" classname="SampleTest1" time="0.009"/>
  <system-out><![CDATA[]]></system-out>
  <system-err><![CDATA[]]></system-err>
</testsuite>
