<?xml version="1.0" encoding="UTF-8"?>
<testsuite name="specification" tests="2" skipped="0" failures="0" errors="0" timestamp="2019-06-20T04:22:12" hostname="admin-PC" time="0.026">
  <properties/>
  <testcase name=" Feature method one" classname="specification" time="0.007"/>
  <testcase name=" Feature method two" classname="specification" time="0.01"/>
  <system-out><![CDATA[916516246
-1358670305
]]></system-out>
  <system-err><![CDATA[]]></system-err>
</testsuite>
