<?xml version="1.0" encoding="UTF-8"?>
<testsuite name="Math1" tests="1" skipped="0" failures="1" errors="0" timestamp="2019-06-20T04:22:11" hostname="admin-PC" time="0.275">
  <properties/>
  <testcase name="Math Teaching " classname="Math1" time="0.275">
    <failure message="Condition not satisfied:&#10;&#10;Math.max(2,3)==4&#10;     |       |&#10;     3       false&#10;" type="org.spockframework.runtime.SpockComparisonFailure">Condition not satisfied:

Math.max(2,3)==4
     |       |
     3       false

	at Math1.Math Teaching (Math1.groovy:14)
</failure>
  </testcase>
  <system-out><![CDATA[]]></system-out>
  <system-err><![CDATA[]]></system-err>
</testsuite>
